generateForNotes input: A B C D
Processing part: A
Matched token: A -> Cannt: dar
Processing part: B
Matched token: B -> Cannt: dod
Processing part: C
Matched token: C -> Cannt: hid
Processing part: D
Matched token: D -> Cannt: dar
generateForNotes output: dar dod hid dar
generateForNotes input: A B C D
generateForNotes output: dar dod hid dar
generateForNotes input: A B C D
generateForNotes output: dar dod hid dar
generateForNotes input: A B C D
generateForNotes output: dar dod hid dar
generateForNotes input: A B C D
generateForNotes output: dar dod hid dar
generateForNotes input: w: existing lyrics
generateForNotes output: w: existing lyrics
generateForNotes input: A B C D
generateForNotes output: dar dod hid dar
generateForNotes input: A B C D
generateForNotes output: dar dod hid dar
generateForNotes input: A B C D
generateForNotes output: dar dod hid dar
generateForNotes input: A B C D
generateForNotes output: dar dod hid dar
generateForNotes input: A B C D
generateForNotes output: dar dod hid dar
generateForNotes input: A B C D | A B |TIMING ERROR|
generateForNotes output: dar dod hid dar | dar dod |TIMING ERROR|
generateForNotes input: A B C D
generateForNotes output: dar dod hid dar
generateForNotes input: A B C D
generateForNotes output: dar dod hid dar
generateForNotes input: D C B A
generateForNotes output: dar hid dod dar
generateForNotes input: A B C
generateForNotes output: dar dod hid
generateForNotes input: A B C
generateForNotes output: dar dod hid
generateForNotes input: A2 B3 C D/2
generateForNotes output: dar2 dod3 hid dar/2
generateForNotes input: {g}A B {e}C
generateForNotes output: {g}dar dod {e}hid
generateForNotes input: A X B
generateForNotes output: dar X dod
generateForNotes input: |||
generateForNotes output: |||
generateForNotes input: z Z
generateForNotes output: z Z
generateForNotes input: A B C
generateForNotes output: dar dod hid
generateForNotes input: D E F
generateForNotes output: dar E F
generateForNotes input: A, A B' C##
generateForNotes output: dar, dar dod' hid##
generateForNotes input: A B C
generateForNotes output: dar dod hid
generateForNotes input: A B C |TIMING ERROR|
generateForNotes output: dar dod hid |TIMING ERROR|
generateForNotes input: w: existing lyrics
generateForNotes output: w: existing lyrics
generateForNotes input: A B C D
generateForNotes output: dar dod hid dar
generateForNotes input: A B C D
generateForNotes output: dar dod hid dar
generateForNotes input: A B C D
generateForNotes output: dar dod hid dar
generateForNotes input: A B C D | A B |TIMING ERROR|
generateForNotes output: dar dod hid dar | dar dod |TIMING ERROR|
generateForNotes input: A B C D
generateForNotes output: dar dod hid dar
generateForNotes input: A B C D
generateForNotes output: dar dod hid dar
generateForNotes input: D C B A
generateForNotes output: dar hid dod dar
generateForNotes input: A B C
generateForNotes output: dar dod hid
generateForNotes input: A B C
generateForNotes output: dar dod hid
generateForNotes input: A2 B3 C D/2
generateForNotes output: dar2 dod3 hid dar/2
generateForNotes input: {g}A B {e}C
generateForNotes output: {g}dar dod {e}hid
generateForNotes input: A X B
generateForNotes output: dar X dod
generateForNotes input: |||
generateForNotes output: |||
generateForNotes input: z Z
generateForNotes output: z Z
generateForNotes input: A, A B' C##
generateForNotes output: dar, dar dod' hid##
generateForNotes input: A B C
generateForNotes output: dar dod hid
generateForNotes input: A B C |TIMING ERROR|
generateForNotes output: dar dod hid |TIMING ERROR|
generateForNotes input: A B C D
generateForNotes output: dar dod hid dar
generateForNotes input: A B C D
generateForNotes output: dar dod hid dar
generateForNotes input: A B C D
generateForNotes output: dar dod hid dar
generateForNotes input: A B C D | A B |TIMING ERROR|
generateForNotes output: dar dod hid dar [|] dar dod [|TIMING] [ERROR|]
generateForNotes input: A B C D
generateForNotes output: dar dod hid dar
generateForNotes input: A B C D
generateForNotes output: dar dod hid dar
generateForNotes input: D C B A
generateForNotes output: dar hid dod dar
generateForNotes input: A B C
generateForNotes output: dar dod hid
generateForNotes input: A B C
generateForNotes output: dar dod hid
generateForNotes input: A2 B3 C D/2
generateForNotes output: dar dod hid dar
generateForNotes input: {g}A B {e}C
generateForNotes output: [{g}A] dod [{e}C]
generateForNotes input: A X B
generateForNotes output: dar [X] dod
generateForNotes input: A, A B' C##
generateForNotes output: dar dar dod hid
generateForNotes input: A B C
generateForNotes output: dar dod hid
generateForNotes input: A B C |TIMING ERROR|
generateForNotes output: dar dod hid [|TIMING] [ERROR|]
generateForNotes input: A B C D
generateForNotes output: dar dod hid dar
generateForNotes input: A B C D
generateForNotes output: dar dod hid dar
generateForNotes input: A B C D
generateForNotes output: dar dod hid dar
generateForNotes input: A B C D | A B |TIMING ERROR|
generateForNotes output: dar dod hid dar [|] dar dod [|TIMING] [ERROR|]
generateForNotes input: A B C D
generateForNotes output: dar dod hid dar
generateForNotes input: A B C D
generateForNotes output: dar dod hid dar
generateForNotes input: D C B A
generateForNotes output: dar hid dod dar
generateForNotes input: A B C
generateForNotes output: dar dod hid
generateForNotes input: A B C
generateForNotes output: dar dod hid
generateForNotes input: A2 B3 C D/2
generateForNotes output: dar dod hid dar
generateForNotes input: {g}A B {e}C
generateForNotes output: [{g}A] dod [{e}C]
generateForNotes input: A X B
generateForNotes output: dar [X] dod
generateForNotes input: A, A B' C##
generateForNotes output: dar dar dod hid
generateForNotes input: A B C
generateForNotes output: dar dod hid
generateForNotes input: A B C |TIMING ERROR|
generateForNotes output: dar dod hid [|TIMING] [ERROR|]
generateForNotes input: A B C D
generateForNotes output: dar dod hid dar
generateForNotes input: A B C D
generateForNotes output: dar dod hid dar
generateForNotes input: A B C D
generateForNotes output: dar dod hid dar
generateForNotes input: A B C D | A B |TIMING ERROR|
generateForNotes output: dar dod hid dar [|] dar dod [|TIMING] [ERROR|]
generateForNotes input: A B C D
generateForNotes output: dar dod hid dar
generateForNotes input: A B C D
generateForNotes output: dar dod hid dar
generateForNotes input: D C B A
generateForNotes output: dar hid dod dar
generateForNotes input: A B C
generateForNotes output: dar dod hid
generateForNotes input: A B C
generateForNotes output: dar dod hid
generateForNotes input: A2 B3 C D/2
generateForNotes output: dar dod hid dar
generateForNotes input: {g}A B {e}C
generateForNotes output: [{g}A] dod [{e}C]
generateForNotes input: A X B
generateForNotes output: dar [X] dod
generateForNotes input: A, A B' C##
generateForNotes output: dar dar dod hid
generateForNotes input: A B C
generateForNotes output: dar dod hid
generateForNotes input: A B C |TIMING ERROR|
generateForNotes output: dar dod hid [|TIMING] [ERROR|]
generateForNotes input: A B C D
generateForNotes output: dar dod hid dar
generateForNotes input: A B C D
generateForNotes output: dar dod hid dar
generateForNotes input: A B C D
generateForNotes output: dar dod hid dar
generateForNotes input: A B C D | A B |TIMING ERROR|
generateForNotes output: dar dod hid dar [|] dar dod [|TIMING] [ERROR|]
generateForNotes input: A B C D
generateForNotes output: dar dod hid dar
generateForNotes input: A B C D
generateForNotes output: dar dod hid dar
generateForNotes input: D C B A
generateForNotes output: dar hid dod dar
generateForNotes input: A B C
generateForNotes output: dar dod hid
generateForNotes input: A B C
generateForNotes output: dar dod hid
generateForNotes input: A2 B3 C D/2
generateForNotes output: dar dod hid dar
generateForNotes input: {g}A B {e}C
generateForNotes output: [{g}A] dod [{e}C]
generateForNotes input: A X B
generateForNotes output: dar [X] dod
generateForNotes input: A, A B' C##
generateForNotes output: dar dar dod hid
generateForNotes input: A B C
generateForNotes output: dar dod hid
generateForNotes input: A B C |TIMING ERROR|
generateForNotes output: dar dod hid [|TIMING] [ERROR|]
generateForNotes input: A B C D
generateForNotes output: dar dod hid dar
generateForNotes input: A B C D
generateForNotes output: dar dod hid dar
generateForNotes input: A B C D
generateForNotes output: dar dod hid dar
generateForNotes input: A B C D | A B |TIMING ERROR|
generateForNotes output: dar dod hid dar [|] dar dod [|TIMING] [ERROR|]
generateForNotes input: A B C D
generateForNotes output: dar dod hid dar
generateForNotes input: A B C D
generateForNotes output: dar dod hid dar
generateForNotes input: D C B A
generateForNotes output: dar hid dod dar
generateForNotes input: A B C
generateForNotes output: dar dod hid
generateForNotes input: A B C
generateForNotes output: dar dod hid
generateForNotes input: A2 B3 C D/2
generateForNotes output: dar dod hid dar
generateForNotes input: {g}A B {e}C
generateForNotes output: [{g}A] dod [{e}C]
generateForNotes input: A X B
generateForNotes output: dar [X] dod
generateForNotes input: A, A B' C##
generateForNotes output: dar dar dod hid
generateForNotes input: A B C
generateForNotes output: dar dod hid
generateForNotes input: A B C |TIMING ERROR|
generateForNotes output: dar dod hid [|TIMING] [ERROR|]
generateForNotes input: A B C D
generateForNotes output: dar dod hid dar
generateForNotes input: A B C D
generateForNotes output: dar dod hid dar
generateForNotes input: A B C D
generateForNotes output: dar dod hid dar
generateForNotes input: A B C D | A B |TIMING ERROR|
generateForNotes output: dar dod hid dar [|] dar dod [|TIMING] [ERROR|]
generateForNotes input: A B C D
generateForNotes output: dar dod hid dar
generateForNotes input: A B C D
generateForNotes output: dar dod hid dar
generateForNotes input: D C B A
generateForNotes output: dar hid dod dar
generateForNotes input: A B C
generateForNotes output: dar dod hid
generateForNotes input: A B C
generateForNotes output: dar dod hid
generateForNotes input: A2 B3 C D/2
generateForNotes output: dar dod hid dar
generateForNotes input: {g}A B {e}C
generateForNotes output: [{g}A] dod [{e}C]
generateForNotes input: A X B
generateForNotes output: dar [X] dod
generateForNotes input: A, A B' C##
generateForNotes output: dar dar dod hid
generateForNotes input: A B C
generateForNotes output: dar dod hid
generateForNotes input: A B C |TIMING ERROR|
generateForNotes output: dar dod hid [|TIMING] [ERROR|]
generateForNotes input: A B C D
generateForNotes output: dar dod hid dar
generateForNotes input: A B C D
generateForNotes output: dar dod hid dar
generateForNotes input: A B C D
generateForNotes output: dar dod hid dar
generateForNotes input: A B C D | A B |TIMING ERROR|
generateForNotes output: dar dod hid dar [|] dar dod [|TIMING] [ERROR|]
generateForNotes input: A B C D
generateForNotes output: dar dod hid dar
generateForNotes input: A B C D
generateForNotes output: dar dod hid dar
generateForNotes input: D C B A
generateForNotes output: dar hid dod dar
generateForNotes input: A B C
generateForNotes output: dar dod hid
generateForNotes input: A B C
generateForNotes output: dar dod hid
generateForNotes input: A2 B3 C D/2
generateForNotes output: dar dod hid dar
generateForNotes input: {g}A B {e}C
generateForNotes output: [{g}A] dod [{e}C]
generateForNotes input: A X B
generateForNotes output: dar [X] dod
generateForNotes input: A, A B' C##
generateForNotes output: dar dar dod hid
generateForNotes input: A B C
generateForNotes output: dar dod hid
generateForNotes input: A B C |TIMING ERROR|
generateForNotes output: dar dod hid [|TIMING] [ERROR|]
generateForNotes input: A B C D
generateForNotes output: dar dod hid dar
generateForNotes input: A B C D
generateForNotes output: dar dod hid dar
generateForNotes input: A B C D
generateForNotes output: dar dod hid dar
generateForNotes input: A B C D | A B |TIMING ERROR|
generateForNotes output: dar dod hid dar [|] dar dod [|TIMING] [ERROR|]
generateForNotes input: A B C D
generateForNotes output: dar dod hid dar
generateForNotes input: A B C D
generateForNotes output: dar dod hid dar
generateForNotes input: D C B A
generateForNotes output: dar hid dod dar
generateForNotes input: A B C
generateForNotes output: dar dod hid
generateForNotes input: A B C
generateForNotes output: dar dod hid
generateForNotes input: A2 B3 C D/2
generateForNotes output: dar dod hid dar
generateForNotes input: {g}A B {e}C
generateForNotes output: [{g}A] dod [{e}C]
generateForNotes input: A X B
generateForNotes output: dar [X] dod
generateForNotes input: A, A B' C##
generateForNotes output: dar dar dod hid
generateForNotes input: A B C
generateForNotes output: dar dod hid
generateForNotes input: A B C |TIMING ERROR|
generateForNotes output: dar dod hid [|TIMING] [ERROR|]
generateForNotes input: A B C D
generateForNotes output: dar dod hid dar
generateForNotes input: A B C D
generateForNotes output: dar dod hid dar
generateForNotes input: A B C D
generateForNotes output: dar dod hid dar
generateForNotes input: A B C D | A B |TIMING ERROR|
generateForNotes output: dar dod hid dar [|] dar dod [|TIMING] [ERROR|]
generateForNotes input: A B C D
generateForNotes output: dar dod hid dar
generateForNotes input: A B C D
generateForNotes output: dar dod hid dar
generateForNotes input: D C B A
generateForNotes output: dar hid dod dar
generateForNotes input: A B C
generateForNotes output: dar dod hid
generateForNotes input: A B C
generateForNotes output: dar dod hid
generateForNotes input: A2 B3 C D/2
generateForNotes output: dar dod hid dar
generateForNotes input: {g}A B {e}C
generateForNotes output: [{g}A] dod [{e}C]
generateForNotes input: A X B
generateForNotes output: dar [X] dod
generateForNotes input: A, A B' C##
generateForNotes output: dar dar dod hid
generateForNotes input: A B C
generateForNotes output: dar dod hid
generateForNotes input: A B C |TIMING ERROR|
generateForNotes output: dar dod hid [|TIMING] [ERROR|]
generateForNotes input: A B C D
generateForNotes output: dar dod hid dar
generateForNotes input: A B C D
generateForNotes output: dar dod hid dar
generateForNotes input: A B C D
generateForNotes output: dar dod hid dar
generateForNotes input: A B C D | A B |TIMING ERROR|
generateForNotes output: dar dod hid dar [|] dar dod [|TIMING] [ERROR|]
generateForNotes input: A B C D
generateForNotes output: dar dod hid dar
generateForNotes input: A B C D
generateForNotes output: dar dod hid dar
generateForNotes input: D C B A
generateForNotes output: dar hid dod dar
generateForNotes input: A B C
generateForNotes output: dar dod hid
generateForNotes input: A B C
generateForNotes output: dar dod hid
generateForNotes input: A2 B3 C D/2
generateForNotes output: dar dod hid dar
generateForNotes input: {g}A B {e}C
generateForNotes output: [{g}A] dod [{e}C]
generateForNotes input: A X B
generateForNotes output: dar [X] dod
generateForNotes input: A, A B' C##
generateForNotes output: dar dar dod hid
generateForNotes input: A B C
generateForNotes output: dar dod hid
generateForNotes input: A B C |TIMING ERROR|
generateForNotes output: dar dod hid [|TIMING] [ERROR|]
generateForNotes input: A B C D
generateForNotes output: dar dod hid dar
generateForNotes input: A B C D
generateForNotes output: dar dod hid dar
generateForNotes input: A B C D
generateForNotes output: dar dod hid dar
generateForNotes input: A B C D | A B |TIMING ERROR|
generateForNotes output: dar dod hid dar [|] dar dod [|TIMING] [ERROR|]
generateForNotes input: A B C D
generateForNotes output: dar dod hid dar
generateForNotes input: A B C D
generateForNotes output: dar dod hid dar
generateForNotes input: D C B A
generateForNotes output: dar hid dod dar
generateForNotes input: A B C
generateForNotes output: dar dod hid
generateForNotes input: A B C
generateForNotes output: dar dod hid
generateForNotes input: A2 B3 C D/2
generateForNotes output: dar dod hid dar
generateForNotes input: {g}A B {e}C
generateForNotes output: [{g}A] dod [{e}C]
generateForNotes input: A X B
generateForNotes output: dar [X] dod
generateForNotes input: A, A B' C##
generateForNotes output: dar dar dod hid
generateForNotes input: A B C
generateForNotes output: dar dod hid
generateForNotes input: A B C |TIMING ERROR|
generateForNotes output: dar dod hid [|TIMING] [ERROR|]
generateForNotes input: A B C D
generateForNotes output: dar dod hid dar
generateForNotes input: A B C D
generateForNotes output: dar dod hid dar
generateForNotes input: A B C D
generateForNotes output: dar dod hid dar
generateForNotes input: A B C D | A B |TIMING ERROR|
generateForNotes output: dar dod hid dar [|] dar dod [|TIMING] [ERROR|]
generateForNotes input: A B C D
generateForNotes output: dar dod hid dar
generateForNotes input: A B C D
generateForNotes output: dar dod hid dar
generateForNotes input: D C B A
generateForNotes output: dar hid dod dar
generateForNotes input: A B C
generateForNotes output: dar dod hid
generateForNotes input: A B C
generateForNotes output: dar dod hid
generateForNotes input: A2 B3 C D/2
generateForNotes output: dar dod hid dar
generateForNotes input: {g}A B {e}C
generateForNotes output: [{g}A] dod [{e}C]
generateForNotes input: A X B
generateForNotes output: dar [X] dod
generateForNotes input: A, A B' C##
generateForNotes output: dar dar dod hid
generateForNotes input: A B C
generateForNotes output: dar dod hid
generateForNotes input: A B C |TIMING ERROR|
generateForNotes output: dar dod hid [|TIMING] [ERROR|]
generateForNotes input: A B C D
generateForNotes output: dar dod hid dar
generateForNotes input: A B C D
generateForNotes output: dar dod hid dar
generateForNotes input: A B C D
generateForNotes output: dar dod hid dar
generateForNotes input: A B C D | A B |TIMING ERROR|
generateForNotes output: dar dod hid dar [|] dar dod [|TIMING] [ERROR|]
generateForNotes input: A B C D
generateForNotes output: dar dod hid dar
generateForNotes input: A B C D
generateForNotes output: dar dod hid dar
generateForNotes input: D C B A
generateForNotes output: dar hid dod dar
generateForNotes input: A B C
generateForNotes output: dar dod hid
generateForNotes input: A B C
generateForNotes output: dar dod hid
generateForNotes input: A2 B3 C D/2
generateForNotes output: dar dod hid dar
generateForNotes input: {g}A B {e}C
generateForNotes output: [{g}A] dod [{e}C]
generateForNotes input: A X B
generateForNotes output: dar [X] dod
generateForNotes input: z Z
generateForNotes output: [z] [Z]
generateForNotes input: A, A B' C##
generateForNotes output: dar dar dod hid
generateForNotes input: A B C
generateForNotes output: dar dod hid
generateForNotes input: A B C |TIMING ERROR|
generateForNotes output: dar dod hid [|TIMING] [ERROR|]
generateForNotes input: A B C D
generateForNotes output: dar dod hid dar
generateForNotes input: A B C D
generateForNotes output: dar dod hid dar
generateForNotes input: A B C D
generateForNotes output: dar dod hid dar
generateForNotes input: A B C D | A B |TIMING ERROR|
generateForNotes output: dar dod hid dar [|] dar dod [|TIMING] [ERROR|]
generateForNotes input: A B C D
generateForNotes output: dar dod hid dar
generateForNotes input: A B C D
generateForNotes output: dar dod hid dar
generateForNotes input: D C B A
generateForNotes output: dar hid dod dar
generateForNotes input: A B C
generateForNotes output: dar dod hid
generateForNotes input: A B C
generateForNotes output: dar dod hid
generateForNotes input: A2 B3 C D/2
generateForNotes output: dar dod hid dar
generateForNotes input: {g}A B {e}C
generateForNotes output: [{g}A] dod [{e}C]
generateForNotes input: A X B
generateForNotes output: dar [X] dod
generateForNotes input: z Z
generateForNotes output: [z] [Z]
generateForNotes input: A, A B' C##
generateForNotes output: dar dar dod hid
generateForNotes input: A B C
generateForNotes output: dar dod hid
generateForNotes input: A B C |TIMING ERROR|
generateForNotes output: dar dod hid [|TIMING] [ERROR|]
generateForNotes input: A B C D
generateForNotes output: dar dod hid dar
generateForNotes input: A B C D
generateForNotes output: dar dod hid dar
generateForNotes input: A B C D
generateForNotes output: dar dod hid dar
generateForNotes input: A B C D | A B |TIMING ERROR|
generateForNotes output: dar dod hid dar [|] dar dod [|TIMING] [ERROR|]
generateForNotes input: A B C D
generateForNotes output: dar dod hid dar
generateForNotes input: A B C D
generateForNotes output: dar dod hid dar
generateForNotes input: D C B A
generateForNotes output: dar hid dod dar
generateForNotes input: A B C
generateForNotes output: dar dod hid
generateForNotes input: A B C
generateForNotes output: dar dod hid
generateForNotes input: A2 B3 C D/2
generateForNotes output: dar dod hid dar
generateForNotes input: {g}A B {e}C
generateForNotes output: [{g}A] dod [{e}C]
generateForNotes input: A X B
generateForNotes output: dar [X] dod
generateForNotes input: z Z
generateForNotes output: [z] [Z]
generateForNotes input: A, A B' C##
generateForNotes output: dar dar dod hid
generateForNotes input: A B C
generateForNotes output: dar dod hid
generateForNotes input: A B C |TIMING ERROR|
generateForNotes output: dar dod hid [|TIMING] [ERROR|]
generateForNotes input: |A B C D|A2 B2|A B|
generateForNotes output: | dod hid dar dod dod
generateForNotes input: |A B|A2|A|
generateForNotes output: | dod
generateForNotes input: |A B C D|A2 B2|A B|
generateForNotes output: | dod hid dar dod dod
generateForNotes input: |A B|A2|A|
generateForNotes output: | dod
generateForNotes input: |A B C D|A2 B2|A B|
generateForNotes output: | dod hid dar dod dod
generateForNotes input: |A B|A2|A|
generateForNotes output: | dod
generateForNotes input: A B C D|A2 B2|A B|
generateForNotes output: [A][B][C][D|A2][B2|A][B|]
generateForNotes input: A B C D|A2 B2|A B|
generateForNotes output: [A][B][C][D|A2][B2|A][B|]
generateForNotes input: A B C D|A2 B2|A B|
generateForNotes output: dardodhiddar|dar[2]dod[2]|dardod|
generateForNotes input: A B C D|A2 B2|A B|
generateForNotes output: dardodhiddar|dar[2]dod[2]|dardod|
generateForNotes input: A B C D|A2 B2|A B|
generateForNotes output: dardodhiddardoddod
generateForNotes input: A B C D|A2 B2|A B|
generateForNotes output: dardodhiddar|dardod|dardod|
generateForNotes input: |A B C D|A2 B2|A B|
generateForNotes output: |dardodhiddar|dardod|dardod|
generateForNotes input: |A B|A2|A|
generateForNotes output: |dardod|dar|dar|
generateForNotes input: |A B C D|A2 B2|A B|
generateForNotes output: |dardodhiddar|dardod|dardod|
generateForNotes input: |A B|A2|A|
generateForNotes output: |dardod|dar|dar|
generateForNotes input: [V:Bagpipes]{g}A3B {g}ce3 | {g}B3A {g}c{d}B3 | {g}A3B {g}ce3 | {g}B2 {d}c {G}A4 |
generateForNotes output: [{g}][A][3][B][{g}][c][e][3][|][{g}][B][3][A][{g}][c][{][d][}][B][3][|][{g}][A][3][B][{g}][c][e][3][|][{g}][B][2][{][d][}][c][{][G][}][A][4][|]
generateForNotes input: [V:Bagpipes]{g}c3d {g}ec3 | {g}f3d {g}ec3 | {g}c3d {g}ec3 | {ag}a2f2 {gef}e4 |
generateForNotes output: [{g}][c][3][d][{g}][e][c][3][|][{g}][f][3][d][{g}][e][c][3][|][{g}][c][3][d][{g}][e][c][3][|][{][a][g][}][a][2][f][2][{][g][e][f][}][e][4][|]
generateForNotes input: [V:Bagpipes]{g}A3B {g}ce3 | {g}B3A {g}c{d}B3 | {g}A3B {g}ce3 | {g}B2 {d}c {G}A4 |
generateForNotes output: [{g}][A][3][B][{g}][c][e][3][|][{g}][B][3][A][{g}][c][{][d][}][B][3][|][{g}][A][3][B][{g}][c][e][3][|][{g}][B][2][{][d][}][c][{][G][}][A][4][|]
generateForNotes input: [V:Bagpipes]{g}A3B {g}ce3 | {g}B3A {g}c{d}B3 | {g}A3B {g}ce3 | {g}B2 {d}c {G}A4 |
generateForNotes output: [{][g][}][A][3][B][{][g][}][c][e][3][|][{][g][}][B][3][A][{][g][}][c][{][d][}][B][3][|][{][g][}][A][3][B][{][g][}][c][e][3][|][{][g][}][B][2][{][d][}][c][{][G][}][A][4][|]
generateForNotes input: [V:Bagpipes]{g}c3d {g}ec3 | {g}f3d {g}ec3 | {g}c3d {g}ec3 | {ag}a2f2 {gef}e4 |
generateForNotes output: [{][g][}][c][3][d][{][g][}][e][c][3][|][{][g][}][f][3][d][{][g][}][e][c][3][|][{][g][}][c][3][d][{][g][}][e][c][3][|][{][a][g][}][a][2][f][2][{][g][e][f][}][e][4][|]
generateForNotes input: [V:Bagpipes]{g}A3B {g}ce3 | {g}B3A {g}c{d}B3 | {g}A3B {g}ce3 | {g}B2 {d}c {G}A4 |
generateForNotes output: [{][g][}][A][3][B][{][g][}][c][e][3][|][{][g][}][B][3][A][{][g][}][c][{][d][}][B][3][|][{][g][}][A][3][B][{][g][}][c][e][3][|][{][g][}][B][2][{][d][}][c][{][G][}][A][4][|]
generateForNotes input: [V:Bagpipes]{g}A3B {g}ce3 | {g}B3A {g}c{d}B3 | {g}A3B {g}ce3 | {g}B2 {d}c {G}A4 |
generateForNotes output: [{][g][}][A][3][B][{][g][}][c][e][3][|][{][g][}][B][3][A][{][g][}][c][{][d][}][B][3][|][{][g][}][A][3][B][{][g][}][c][e][3][|][{][g][}][B][2][{][d][}][c][{][G][}][A][4][|]
generateForNotes input: [V:Bagpipes]{g}c3d {g}ec3 | {g}f3d {g}ec3 | {g}c3d {g}ec3 | {ag}a2f2 {gef}e4 |
generateForNotes output: [{][g][}][c][3][d][{][g][}][e][c][3][|][{][g][}][f][3][d][{][g][}][e][c][3][|][{][g][}][c][3][d][{][g][}][e][c][3][|][{][a][g][}][a][2][f][2][{][g][e][f][}][e][4][|]
generateForNotes input: [V:Bagpipes]{g}A3B {g}ce3 | {g}B3A {g}c{d}B3 | {g}A3B {g}ce3 | {g}B2 {d}c {G}A4 |
generateForNotes output: [{][g][}][A][3][B][{][g][}][c][e][3][|][{][g][}][B][3][A][{][g][}][c][{][d][}][B][3][|][{][g][}][A][3][B][{][g][}][c][e][3][|][{][g][}][B][2][{][d][}][c][{][G][}][A][4][|]
generateForNotes input: [V:Bagpipes]{g}A3B {g}ce3 | {g}B3A {g}c{d}B3 | {g}A3B {g}ce3 | {g}B2 {d}c {G}A4 |
generateForNotes output: [{][g][}][A][3][B][{][g][}][c][e][3][|][{][g][}][B][3][A][{][g][}][c][{][d][}][B][3][|][{][g][}][A][3][B][{][g][}][c][e][3][|][{][g][}][B][2][{][d][}][c][{][G][}][A][4][|]
generateForNotes input: [V:Bagpipes]{g}c3d {g}ec3 | {g}f3d {g}ec3 | {g}c3d {g}ec3 | {ag}a2f2 {gef}e4 |
generateForNotes output: [{][g][}][c][3][d][{][g][}][e][c][3][|][{][g][}][f][3][d][{][g][}][e][c][3][|][{][g][}][c][3][d][{][g][}][e][c][3][|][{][a][g][}][a][2][f][2][{][g][e][f][}][e][4][|]
generateForNotes input: [V:Bagpipes]{g}A3B {g}ce3 | {g}B3A {g}c{d}B3 | {g}A3B {g}ce3 | {g}B2 {d}c {G}A4 |
generateForNotes output: [{][g][}][A][3][B][{][g][}][c][e][3][|][{][g][}][B][3][A][{][g][}][c][{][d][}][B][3][|][{][g][}][A][3][B][{][g][}][c][e][3][|][{][g][}][B][2][{][d][}][c][{][G][}][A][4][|]
generateForNotes input: [V:Bagpipes]{g}A3B {g}ce3 | {g}B3A {g}c{d}B3 | {g}A3B {g}ce3 | {g}B2 {d}c {G}A4 |
generateForNotes output: [{][g][}][A][3][B][{][g][}][c][e][3][|][{][g][}][B][3][A][{][g][}][c][{][d][}][B][3][|][{][g][}][A][3][B][{][g][}][c][e][3][|][{][g][}][B][2][{][d][}][c][{][G][}][A][4][|]
generateForNotes input: [V:Bagpipes]{g}c3d {g}ec3 | {g}f3d {g}ec3 | {g}c3d {g}ec3 | {ag}a2f2 {gef}e4 |
generateForNotes output: [{][g][}][c][3][d][{][g][}][e][c][3][|][{][g][}][f][3][d][{][g][}][e][c][3][|][{][g][}][c][3][d][{][g][}][e][c][3][|][{][a][g][}][a][2][f][2][{][g][e][f][}][e][4][|]
generateForNotes input: [V:Bagpipes]{g}A3B {g}ce3 | {g}B3A {g}c{d}B3 | {g}A3B {g}ce3 | {g}B2 {d}c {G}A4 |
generateForNotes output: [{][g][}][A][3][B][{][g][}][c][e][3][|][{][g][}][B][3][A][{][g][}][c][{][d][}][B][3][|][{][g][}][A][3][B][{][g][}][c][e][3][|][{][g][}][B][2][{][d][}][c][{][G][}][A][4][|]
generateForNotes input: [V:Bagpipes]{g}A3B {g}ce3 | {g}B3A {g}c{d}B3 | {g}A3B {g}ce3 | {g}B2 {d}c {G}A4 |
generateForNotes output: [{g}A][3][B][{g}c][e][3][|][{g}B][3][A][{g}c][{d}B][3][|][{g}A][3][B][{g}c][e][3][|][{g}B][2][{d}c][{G}A][4][|]
generateForNotes input: [V:Bagpipes]{g}c3d {g}ec3 | {g}f3d {g}ec3 | {g}c3d {g}ec3 | {ag}a2f2 {gef}e4 |
generateForNotes output: [{g}c][3][d][{g}e][c][3][|][{g}f][3][d][{g}e][c][3][|][{g}c][3][d][{g}e][c][3][|][{ag}a][2][f][2][{gef}e][4][|]
generateForNotes input: [V:Bagpipes]{g}A3B {g}ce3 | {g}B3A {g}c{d}B3 | {g}A3B {g}ce3 | {g}B2 {d}c {G}A4 |
generateForNotes output: [{g}A][3][B][{g}c][e][3][|][{g}B][3][A][{g}c][{d}B][3][|][{g}A][3][B][{g}c][e][3][|][{g}B][2][{d}c][{G}A][4][|]
generateForNotes input: [V:Bagpipes]{g}A3B {g}ce3 | {g}B3A {g}c{d}B3 | {g}A3B {g}ce3 | {g}B2 {d}c {G}A4 |
generateForNotes output: [{g}A][3][B][{g}c][e][3][|][{g}B][3][A][{g}c][{d}B][3][|][{g}A][3][B][{g}c][e][3][|][{g}B][2][{d}c][{G}A][4][|]
generateForNotes input: [V:Bagpipes]{g}c3d {g}ec3 | {g}f3d {g}ec3 | {g}c3d {g}ec3 | {ag}a2f2 {gef}e4 |
generateForNotes output: [{g}c][3][d][{g}e][c][3][|][{g}f][3][d][{g}e][c][3][|][{g}c][3][d][{g}e][c][3][|][{ag}a][2][f][2][{gef}e][4][|]
generateForNotes input: [V:Bagpipes]{g}A3B {g}ce3 | {g}B3A {g}c{d}B3 | {g}A3B {g}ce3 | {g}B2 {d}c {G}A4 |
generateForNotes output: [{g}A][3][B][{g}c][e][3][|][{g}B][3][A][{g}c][{d}B][3][|][{g}A][3][B][{g}c][e][3][|][{g}B][2][{d}c][{G}A][4][|]
generateForNotes input: [V:Bagpipes]{g}A3B {g}ce3 | {g}B3A {g}c{d}B3 | {g}A3B {g}ce3 | {g}B2 {d}c {G}A4 |
generateForNotes output: [{g}A][3][B][{g}c][e][3][|][{g}B][3][A][{g}c][{d}B][3][|][{g}A][3][B][{g}c][e][3][|][{g}B][2][{d}c][{G}A][4][|]
generateForNotes input: [V:Bagpipes]{g}c3d {g}ec3 | {g}f3d {g}ec3 | {g}c3d {g}ec3 | {ag}a2f2 {gef}e4 |
generateForNotes output: [{g}c][3][d][{g}e][c][3][|][{g}f][3][d][{g}e][c][3][|][{g}c][3][d][{g}e][c][3][|][{ag}a][2][f][2][{gef}e][4][|]
generateForNotes input: [V:Bagpipes]{g}A3B {g}ce3 | {g}B3A {g}c{d}B3 | {g}A3B {g}ce3 | {g}B2 {d}c {G}A4 |
generateForNotes output: [{g}A][3][B][{g}c][e][3][|][{g}B][3][A][{g}c][{d}B][3][|][{g}A][3][B][{g}c][e][3][|][{g}B][2][{d}c][{G}A][4][|]
generateForNotes input: [V:Bagpipes]{g}A3B {g}ce3 | {g}B3A {g}c{d}B3 | {g}A3B {g}ce3 | {g}B2 {d}c {G}A4 |
generateForNotes output: [{g}A][3][B][{g}c][e][3][|][{g}B][3][A][{g}c][{d}B][3][|][{g}A][3][B][{g}c][e][3][|][{g}B][2][{d}c][{G}A][4][|]
generateForNotes input: [V:Bagpipes]{g}c3d {g}ec3 | {g}f3d {g}ec3 | {g}c3d {g}ec3 | {ag}a2f2 {gef}e4 |
generateForNotes output: [{g}c][3][d][{g}e][c][3][|][{g}f][3][d][{g}e][c][3][|][{g}c][3][d][{g}e][c][3][|][{ag}a][2][f][2][{gef}e][4][|]
generateForNotes input: [V:Bagpipes]{g}A3B {g}ce3 | {g}B3A {g}c{d}B3 | {g}A3B {g}ce3 | {g}B2 {d}c {G}A4 |
generateForNotes output: [{g}A][3][B][{g}c][e][3][|][{g}B][3][A][{g}c][{d}B][3][|][{g}A][3][B][{g}c][e][3][|][{g}B][2][{d}c][{G}A][4][|]
generateForNotes input: [V:Bagpipes]{g}A3B {g}ce3 | {g}B3A {g}c{d}B3 | {g}A3B {g}ce3 | {g}B2 {d}c {G}A4 |
generateForNotes output: [{g}A][3][B][{g}c][e][3][|][{g}B][3][A][{g}c][{d}B][3][|][{g}A][3][B][{g}c][e][3][|][{g}B][2][{d}c][{G}A][4][|]
generateForNotes input: [V:Bagpipes]{g}c3d {g}ec3 | {g}f3d {g}ec3 | {g}c3d {g}ec3 | {ag}a2f2 {gef}e4 |
generateForNotes output: [{g}c][3][d][{g}e][c][3][|][{g}f][3][d][{g}e][c][3][|][{g}c][3][d][{g}e][c][3][|][{ag}a][2][f][2][{gef}e][4][|]
generateForNotes input: [V:Bagpipes]{g}A3B {g}ce3 | {g}B3A {g}c{d}B3 | {g}A3B {g}ce3 | {g}B2 {d}c {G}A4 |
generateForNotes output: [{g}A][3][B][{g}c][e][3][|][{g}B][3][A][{g}c][{d}B][3][|][{g}A][3][B][{g}c][e][3][|][{g}B][2][{d}c][{G}A][4][|]
generateForNotes input: [V:Bagpipes]{g}A3B {g}ce3 | {g}B3A {g}c{d}B3 | {g}A3B {g}ce3 | {g}B2 {d}c {G}A4 |
generateForNotes output: [{g}A][3][B][{g}c][e][3][|][{g}B][3][A][{g}c][{d}B][3][|][{g}A][3][B][{g}c][e][3][|][{g}B][2][{d}c][{G}A][4][|]
generateForNotes input: [V:Bagpipes]{g}c3d {g}ec3 | {g}f3d {g}ec3 | {g}c3d {g}ec3 | {ag}a2f2 {gef}e4 |
generateForNotes output: [{g}c][3][d][{g}e][c][3][|][{g}f][3][d][{g}e][c][3][|][{g}c][3][d][{g}e][c][3][|][{ag}a][2][f][2][{gef}e][4][|]
generateForNotes input: [V:Bagpipes]{g}A3B {g}ce3 | {g}B3A {g}c{d}B3 | {g}A3B {g}ce3 | {g}B2 {d}c {G}A4 |
generateForNotes output: [{g}A][3][B][{g}c][e][3][|][{g}B][3][A][{g}c][{d}B][3][|][{g}A][3][B][{g}c][e][3][|][{g}B][2][{d}c][{G}A][4][|]
generateForNotes input: [V:Bagpipes]{g}A3B {g}ce3 | {g}B3A {g}c{d}B3 | {g}A3B {g}ce3 | {g}B2 {d}c {G}A4 |
generateForNotes output: [{g}A][3][B][{g}c][e][3][|][{g}B][3][A][{g}c][{d}B][3][|][{g}A][3][B][{g}c][e][3][|][{g}B][2][{d}c][{G}A][4][|]
generateForNotes input: [V:Bagpipes]{g}c3d {g}ec3 | {g}f3d {g}ec3 | {g}c3d {g}ec3 | {ag}a2f2 {gef}e4 |
generateForNotes output: [{g}c][3][d][{g}e][c][3][|][{g}f][3][d][{g}e][c][3][|][{g}c][3][d][{g}e][c][3][|][{ag}a][2][f][2][{gef}e][4][|]
generateForNotes input: [V:Bagpipes]{g}A3B {g}ce3 | {g}B3A {g}c{d}B3 | {g}A3B {g}ce3 | {g}B2 {d}c {G}A4 |
generateForNotes output: [{g}A][3][B][{g}c][e][3][|][{g}B][3][A][{g}c][{d}B][3][|][{g}A][3][B][{g}c][e][3][|][{g}B][2][{d}c][{G}A][4][|]
generateForNotes input: [V:Bagpipes]{g}A3B {g}ce3 | {g}B3A {g}c{d}B3 | {g}A3B {g}ce3 | {g}B2 {d}c {G}A4 |
generateForNotes output: [{g}A][3][B][{g}c][e][3][|][{g}B][3][A][{g}c][{d}B][3][|][{g}A][3][B][{g}c][e][3][|][{g}B][2][{d}c][{G}A][4][|]
generateForNotes input: [V:Bagpipes]{g}c3d {g}ec3 | {g}f3d {g}ec3 | {g}c3d {g}ec3 | {ag}a2f2 {gef}e4 |
generateForNotes output: [{g}c][3][d][{g}e][c][3][|][{g}f][3][d][{g}e][c][3][|][{g}c][3][d][{g}e][c][3][|][{ag}a][2][f][2][{gef}e][4][|]
generateForNotes input: [V:Bagpipes]{g}A3B {g}ce3 | {g}B3A {g}c{d}B3 | {g}A3B {g}ce3 | {g}B2 {d}c {G}A4 |
generateForNotes output: [{g}A][3][B][{g}c][e][3][|][{g}B][3][A][{g}c][{d}B][3][|][{g}A][3][B][{g}c][e][3][|][{g}B][2][{d}c][{G}A][4][|]
generateForNotes input: [V:Bagpipes]{g}A3B {g}ce3 | {g}B3A {g}c{d}B3 | {g}A3B {g}ce3 | {g}B2 {d}c {G}A4 |
generateForNotes output: [{g}A][3][B][{g}c][e][3][|][{g}B][3][A][{g}c][{d}B][3][|][{g}A][3][B][{g}c][e][3][|][{g}B][2][{d}c][{G}A][4][|]
generateForNotes input: [V:Bagpipes]{g}c3d {g}ec3 | {g}f3d {g}ec3 | {g}c3d {g}ec3 | {ag}a2f2 {gef}e4 |
generateForNotes output: [{g}c][3][d][{g}e][c][3][|][{g}f][3][d][{g}e][c][3][|][{g}c][3][d][{g}e][c][3][|][{ag}a][2][f][2][{gef}e][4][|]
generateForNotes input: [V:Bagpipes]{g}A3B {g}ce3 | {g}B3A {g}c{d}B3 | {g}A3B {g}ce3 | {g}B2 {d}c {G}A4 |
generateForNotes output: [{g}A][3][B][{g}c][e][3][|][{g}B][3][A][{g}c][{d}B][3][|][{g}A][3][B][{g}c][e][3][|][{g}B][2][{d}c][{G}A][4][|]
generateForNotes input: [V:Bagpipes]{g}A3B {g}ce3 | {g}B3A {g}c{d}B3 | {g}A3B {g}ce3 | {g}B2 {d}c {G}A4 |
generateForNotes output: [{g}A][3][B][{g}c][e][3][|][{g}B][3][A][{g}c][{d}B][3][|][{g}A][3][B][{g}c][e][3][|][{g}B][2][{d}c][{G}A][4][|]
generateForNotes input: [V:Bagpipes]{g}c3d {g}ec3 | {g}f3d {g}ec3 | {g}c3d {g}ec3 | {ag}a2f2 {gef}e4 |
generateForNotes output: [{g}c][3][d][{g}e][c][3][|][{g}f][3][d][{g}e][c][3][|][{g}c][3][d][{g}e][c][3][|][{ag}a][2][f][2][{gef}e][4][|]
generateForNotes input: [V:Bagpipes]{g}A3B {g}ce3 | {g}B3A {g}c{d}B3 | {g}A3B {g}ce3 | {g}B2 {d}c {G}A4 |
generateForNotes output: [{g}A][3][B][{g}c][e][3][|][{g}B][3][A][{g}c][{d}B][3][|][{g}A][3][B][{g}c][e][3][|][{g}B][2][{d}c][{G}A][4][|]
generateForNotes input: [V:Bagpipes]{g}A3B {g}ce3 | {g}B3A {g}c{d}B3 | {g}A3B {g}ce3 | {g}B2 {d}c {G}A4 |
generateForNotes output: [{g}A][3][B][{g}c][e][3][|][{g}B][3][A][{g}c][{d}B][3][|][{g}A][3][B][{g}c][e][3][|][{g}B][2][{d}c][{G}A][4][|]
generateForNotes input: [V:Bagpipes]{g}c3d {g}ec3 | {g}f3d {g}ec3 | {g}c3d {g}ec3 | {ag}a2f2 {gef}e4 |
generateForNotes output: [{g}c][3][d][{g}e][c][3][|][{g}f][3][d][{g}e][c][3][|][{g}c][3][d][{g}e][c][3][|][{ag}a][2][f][2][{gef}e][4][|]
generateForNotes input: [V:Bagpipes]{g}A3B {g}ce3 | {g}B3A {g}c{d}B3 | {g}A3B {g}ce3 | {g}B2 {d}c {G}A4 |
generateForNotes output: [{g}A][3][B][{g}c][e][3][|][{g}B][3][A][{g}c][{d}B][3][|][{g}A][3][B][{g}c][e][3][|][{g}B][2][{d}c][{G}A][4][|]
generateForNotes input: [V:Bagpipes]{g}A3B {g}ce3 | {g}B3A {g}c{d}B3 | {g}A3B {g}ce3 | {g}B2 {d}c {G}A4 |
generateForNotes output: [{g}A][3][B][{g}c][e][3][|][{g}B][3][A][{g}c][{d}B][3][|][{g}A][3][B][{g}c][e][3][|][{g}B][2][{d}c][{G}A][4][|]
generateForNotes input: [V:Bagpipes]{g}c3d {g}ec3 | {g}f3d {g}ec3 | {g}c3d {g}ec3 | {ag}a2f2 {gef}e4 |
generateForNotes output: [{g}c][3][d][{g}e][c][3][|][{g}f][3][d][{g}e][c][3][|][{g}c][3][d][{g}e][c][3][|][{ag}a][2][f][2][{gef}e][4][|]
generateForNotes input: [V:Bagpipes]{g}A3B {g}ce3 | {g}B3A {g}c{d}B3 | {g}A3B {g}ce3 | {g}B2 {d}c {G}A4 |
generateForNotes output: [{g}A][3][B][{g}c][e][3][|][{g}B][3][A][{g}c][{d}B][3][|][{g}A][3][B][{g}c][e][3][|][{g}B][2][{d}c][{G}A][4][|]
generateForNotes input: [V:Bagpipes]{g}A3B {g}ce3 | {g}B3A {g}c{d}B3 | {g}A3B {g}ce3 | {g}B2 {d}c {G}A4 |
generateForNotes output: [{g}A][3][B][{g}c][e][3][|][{g}B][3][A][{g}c][{d}B][3][|][{g}A][3][B][{g}c][e][3][|][{g}B][2][{d}c][{G}A][4][|]
generateForNotes input: [V:Bagpipes]{g}c3d {g}ec3 | {g}f3d {g}ec3 | {g}c3d {g}ec3 | {ag}a2f2 {gef}e4 |
generateForNotes output: [{g}c][3][d][{g}e][c][3][|][{g}f][3][d][{g}e][c][3][|][{g}c][3][d][{g}e][c][3][|][{ag}a][2][f][2][{gef}e][4][|]
generateForNotes input: [V:Bagpipes]{g}A3B {g}ce3 | {g}B3A {g}c{d}B3 | {g}A3B {g}ce3 | {g}B2 {d}c {G}A4 |
generateForNotes output: [{g}A][3][B][{g}c][e][3][|][{g}B][3][A][{g}c][{d}B][3][|][{g}A][3][B][{g}c][e][3][|][{g}B][2][{d}c][{G}A][4][|]
generateForNotes input: [V:Bagpipes]{g}A3B {g}ce3 | {g}B3A {g}c{d}B3 | {g}A3B {g}ce3 | {g}B2 {d}c {G}A4 |
generateForNotes output: [{g}A][3][B][{g}c][e][3][|][{g}B][3][A][{g}c][{d}B][3][|][{g}A][3][B][{g}c][e][3][|][{g}B][2][{d}c][{G}A][4][|]
generateForNotes input: [V:Bagpipes]{g}c3d {g}ec3 | {g}f3d {g}ec3 | {g}c3d {g}ec3 | {ag}a2f2 {gef}e4 |
generateForNotes output: [{g}c][3][d][{g}e][c][3][|][{g}f][3][d][{g}e][c][3][|][{g}c][3][d][{g}e][c][3][|][{ag}a][2][f][2][{gef}e][4][|]
generateForNotes input: [V:Bagpipes]{g}A3B {g}ce3 | {g}B3A {g}c{d}B3 | {g}A3B {g}ce3 | {g}B2 {d}c {G}A4 |
generateForNotes output: [{g}A][3][B][{g}c][e][3][|][{g}B][3][A][{g}c][{d}B][3][|][{g}A][3][B][{g}c][e][3][|][{g}B][2][{d}c][{G}A][4][|]
generateForNotes input: [V:Bagpipes]{g}A3B {g}ce3 | {g}B3A {g}c{d}B3 | {g}A3B {g}ce3 | {g}B2 {d}c {G}A4 |
generateForNotes output: [{g}A][3][B][{g}c][e][3][|][{g}B][3][A][{g}c][{d}B][3][|][{g}A][3][B][{g}c][e][3][|][{g}B][2][{d}c][{G}A][4][|]
generateForNotes input: [V:Bagpipes]{g}c3d {g}ec3 | {g}f3d {g}ec3 | {g}c3d {g}ec3 | {ag}a2f2 {gef}e4 |
generateForNotes output: [{g}c][3][d][{g}e][c][3][|][{g}f][3][d][{g}e][c][3][|][{g}c][3][d][{g}e][c][3][|][{ag}a][2][f][2][{gef}e][4][|]
generateForNotes input: [V:Bagpipes]{g}A3B {g}ce3 | {g}B3A {g}c{d}B3 | {g}A3B {g}ce3 | {g}B2 {d}c {G}A4 |
generateForNotes output: [{g}A][3][B][{g}c][e][3][|][{g}B][3][A][{g}c][{d}B][3][|][{g}A][3][B][{g}c][e][3][|][{g}B][2][{d}c][{G}A][4][|]
generateForNotes input: [V:Bagpipes]{g}A3B {g}ce3 | {g}B3A {g}c{d}B3 | {g}A3B {g}ce3 | {g}B2 {d}c {G}A4 |
generateForNotes output: [{g}A][3][B][{g}c][e][3][|][{g}B][3][A][{g}c][{d}B][3][|][{g}A][3][B][{g}c][e][3][|][{g}B][2][{d}c][{G}A][4][|]
generateForNotes input: [V:Bagpipes]{g}c3d {g}ec3 | {g}f3d {g}ec3 | {g}c3d {g}ec3 | {ag}a2f2 {gef}e4 |
generateForNotes output: [{g}c][3][d][{g}e][c][3][|][{g}f][3][d][{g}e][c][3][|][{g}c][3][d][{g}e][c][3][|][{ag}a][2][f][2][{gef}e][4][|]
generateForNotes input: [V:Bagpipes]{g}A3B {g}ce3 | {g}B3A {g}c{d}B3 | {g}A3B {g}ce3 | {g}B2 {d}c {G}A4 |
generateForNotes output: [{g}A][3][B][{g}c][e][3][|][{g}B][3][A][{g}c][{d}B][3][|][{g}A][3][B][{g}c][e][3][|][{g}B][2][{d}c][{G}A][4][|]
