 Processing character: {
Processing character: g
Processing character: }
Processing character: A
Processing character: 3
Processing character: B
Processing character:  
Processing character: {
Processing character: g
Processing character: }
Processing character: c
Processing character: e
Processing character: 3
Processing character:  
Processing character: |
Processing character:  
Processing character: {
Processing character: g
Processing character: }
Processing character: B
Processing character: 3
Processing character: A
Processing character:  
Processing character: {
Processing character: g
Processing character: }
Processing character: c
Processing character: {
Processing character: d
Processing character: }
Processing character: B
Processing character: 3
Processing character:  
Processing character: |
Processing character:  
Processing character: {
Processing character: g
Processing character: }
Processing character: A
Processing character: 3
Processing character: B
Processing character:  
Processing character: {
Processing character: g
Processing character: }
Processing character: c
Processing character: e
Processing character: 3
Processing character:  
Processing character: |
Processing character:  
Processing character: {
Processing character: g
Processing character: }
Processing character: B
Processing character: 2
Processing character:  
Processing character: {
Processing character: d
Processing character: }
Processing character: c
Processing character:  
Processing character: {
Processing character: G
Processing character: }
Processing character: A
Processing character: 4
Processing character:  
Processing character: |
Processing character: 
Processing character: {
Processing character: g
Processing character: }
Processing character: c
Processing character: 3
Processing character: d
Processing character:  
Processing character: {
Processing character: g
Processing character: }
Processing character: e
Processing character: c
Processing character: 3
Processing character:  
Processing character: |
Processing character:  
Processing character: {
Processing character: g
Processing character: }
Processing character: f
Processing character: 3
Processing character: d
Processing character:  
Processing character: {
Processing character: g
Processing character: }
Processing character: e
Processing character: c
Processing character: 3
Processing character:  
Processing character: |
Processing character:  
Processing character: {
Processing character: g
Processing character: }
Processing character: c
Processing character: 3
Processing character: d
Processing character:  
Processing character: {
Processing character: g
Processing character: }
Processing character: e
Processing character: c
Processing character: 3
Processing character:  
Processing character: |
Processing character:  
Processing character: {
Processing character: a
Processing character: g
Processing character: }
Processing character: a
Processing character: 2
Processing character: f
Processing character: 2
Processing character:  
Processing character: {
Processing character: g
Processing character: e
Processing character: f
Processing character: }
Processing character: e
Processing character: 4
Processing character:  
Processing character: |
Processing character: 
Processing character: {
Processing character: g
Processing character: }
Processing character: A
Processing character: 3
Processing character: B
Processing character:  
Processing character: {
Processing character: g
Processing character: }
Processing character: c
Processing character: e
Processing character: 3
Processing character:  
Processing character: |
Processing character:  
Processing character: {
Processing character: g
Processing character: }
Processing character: B
Processing character: 3
Processing character: A
Processing character:  
Processing character: {
Processing character: g
Processing character: }
Processing character: c
Processing character: {
Processing character: d
Processing character: }
Processing character: B
Processing character: 3
Processing character:  
Processing character: |
Processing character:  
Processing character: {
Processing character: g
Processing character: }
Processing character: A
Processing character: 3
Processing character: B
Processing character:  
Processing character: {
Processing character: g
Processing character: }
Processing character: c
Processing character: e
Processing character: 3
Processing character:  
Processing character: |
Processing character:  
Processing character: {
Processing character: g
Processing character: }
Processing character: B
Processing character: 2
Processing character:  
Processing character: {
Processing character: d
Processing character: }
Processing character: c
Processing character:  
Processing character: {
Processing character: G
Processing character: }
Processing character: A
Processing character: 4
Processing character:  
Processing character: |
Processing character: ]
Processing character: 
Processing character: {
Processing character: g
Processing character: }
Processing character: A
Processing character: 3
Processing character: B
Processing character:  
Processing character: {
Processing character: g
Processing character: }
Processing character: c
Processing character: e
Processing character: 3
Processing character:  
Processing character: |
Processing character:  
Processing character: {
Processing character: g
Processing character: }
Processing character: B
Processing character: 3
Processing character: A
Processing character:  
Processing character: {
Processing character: g
Processing character: }
Processing character: c
Processing character: {
Processing character: d
Processing character: }
Processing character: B
Processing character: 3
Processing character:  
Processing character: |
Processing character:  
Processing character: {
Processing character: g
Processing character: }
Processing character: A
Processing character: 3
Processing character: B
Processing character:  
Processing character: {
Processing character: g
Processing character: }
Processing character: c
Processing character: e
Processing character: 3
Processing character:  
Processing character: |
Processing character:  
Processing character: {
Processing character: g
Processing character: }
Processing character: B
Processing character: 2
Processing character:  
Processing character: {
Processing character: d
Processing character: }
Processing character: c
Processing character:  
Processing character: {
Processing character: G
Processing character: }
Processing character: A
Processing character: 4
Processing character:  
Processing character: |
Processing character: {
Processing character: g
Processing character: }
Processing character: c
Processing character: 3
Processing character: d
Processing character:  
Processing character: {
Processing character: g
Processing character: }
Processing character: e
Processing character: c
Processing character: 3
Processing character:  
Processing character: |
Processing character:  
Processing character: {
Processing character: g
Processing character: }
Processing character: f
Processing character: 3
Processing character: d
Processing character:  
Processing character: {
Processing character: g
Processing character: }
Processing character: e
Processing character: c
Processing character: 3
Processing character:  
Processing character: |
Processing character:  
Processing character: {
Processing character: g
Processing character: }
Processing character: c
Processing character: 3
Processing character: d
Processing character:  
Processing character: {
Processing character: g
Processing character: }
Processing character: e
Processing character: c
Processing character: 3
Processing character:  
Processing character: |
Processing character:  
Processing character: {
Processing character: a
Processing character: g
Processing character: }
Processing character: a
Processing character: 2
Processing character: f
Processing character: 2
Processing character:  
Processing character: {
Processing character: g
Processing character: e
Processing character: f
Processing character: }
Processing character: e
Processing character: 4
Processing character:  
Processing character: |
Processing character: {
Processing character: g
Processing character: }
Processing character: A
Processing character: 3
Processing character: B
Processing character:  
Processing character: {
Processing character: g
Processing character: }
Processing character: c
Processing character: e
Processing character: 3
Processing character:  
Processing character: |
Processing character:  
Processing character: {
Processing character: g
Processing character: }
Processing character: B
Processing character: 3
Processing character: A
Processing character:  
Processing character: {
Processing character: g
Processing character: }
Processing character: c
Processing character: {
Processing character: d
Processing character: }
Processing character: B
Processing character: 3
Processing character:  
Processing character: |
Processing character:  
Processing character: {
Processing character: g
Processing character: }
Processing character: A
Processing character: 3
Processing character: B
Processing character:  
Processing character: {
Processing character: g
Processing character: }
Processing character: c
Processing character: e
Processing character: 3
Processing character:  
Processing character: |
Processing character:  
Processing character: {
Processing character: g
Processing character: }
Processing character: B
Processing character: 2
Processing character:  
Processing character: {
Processing character: d
Processing character: }
Processing character: c
Processing character:  
Processing character: {
Processing character: G
Processing character: }
Processing character: A
Processing character: 4
Processing character:  
Processing character: |
Processing character: ]
